ISim log file
Running: C:\Users\Piotr\workspace\vlsi\vlsi_mcu\VLSI_MCU\idec_test_isim_beh.exe -intstyle ise -gui -tclbatch isim.cmd -wdb C:/Users/Piotr/workspace/vlsi/vlsi_mcu/VLSI_MCU/idec_test_isim_beh.wdb 
ISim P.20131013 (signature 0x8ef4fb42)
WARNING: A WEBPACK license was found.
WARNING: Please use Xilinx License Configuration Manager to check out a full ISim license.
WARNING: ISim will run in Lite mode. Please refer to the ISim documentation for more information on the differences between the Lite and the Full version.
This is a Lite version of ISim.
Time resolution is 1 ps
# onerror resume
# wave add /
# run 1000 ns
Simulator is doing circuit initialization process.
Finished circuit initialization process.

** Failure:Assertion violation
User(VHDL) Code Called Simulation Stop
In process idec_test.vhd:stim_proc 
 
INFO: Simulator is stopped.
ISim P.20131013 (signature 0x8ef4fb42)
WARNING: A WEBPACK license was found.
WARNING: Please use Xilinx License Configuration Manager to check out a full ISim license.
WARNING: ISim will run in Lite mode. Please refer to the ISim documentation for more information on the differences between the Lite and the Full version.
This is a Lite version of ISim.
# run 1000 ns
Simulator is doing circuit initialization process.
Finished circuit initialization process.

** Failure:Assertion violation
User(VHDL) Code Called Simulation Stop
In process idec_test.vhd:stim_proc 
 
INFO: Simulator is stopped.
ISim P.20131013 (signature 0x8ef4fb42)
WARNING: A WEBPACK license was found.
WARNING: Please use Xilinx License Configuration Manager to check out a full ISim license.
WARNING: ISim will run in Lite mode. Please refer to the ISim documentation for more information on the differences between the Lite and the Full version.
This is a Lite version of ISim.
# run 1000 ns
Simulator is doing circuit initialization process.
Finished circuit initialization process.

** Failure:Assertion violation
User(VHDL) Code Called Simulation Stop
In process idec_test.vhd:stim_proc 
 
INFO: Simulator is stopped.
ISim P.20131013 (signature 0x8ef4fb42)
WARNING: A WEBPACK license was found.
WARNING: Please use Xilinx License Configuration Manager to check out a full ISim license.
WARNING: ISim will run in Lite mode. Please refer to the ISim documentation for more information on the differences between the Lite and the Full version.
This is a Lite version of ISim.
# run 1000 ns
Simulator is doing circuit initialization process.
Finished circuit initialization process.

** Failure:Assertion violation
User(VHDL) Code Called Simulation Stop
In process idec_test.vhd:stim_proc 
 
INFO: Simulator is stopped.
# run 1.00us
INFO: Simulator is stopped.
# restart
# run 1.00us
Simulator is doing circuit initialization process.
Stopped at time : 0 fs : File "C:/Users/Piotr/workspace/vlsi/vlsi_mcu/VLSI_MCU/instruction_decoder.vhd" Line 64
# step
Stopped at time : 0 fs : File "C:/Users/Piotr/workspace/vlsi/vlsi_mcu/VLSI_MCU/instruction_decoder.vhd" Line 64
# step
Finished circuit initialization process.
Stopped at time : 5 ns : File "C:/Users/Piotr/workspace/vlsi/vlsi_mcu/VLSI_MCU/idec_test.vhd" Line 114
# step
Stopped at time : 5 ns : File "C:/Users/Piotr/workspace/vlsi/vlsi_mcu/VLSI_MCU/idec_test.vhd" Line 115
# step
Stopped at time : 5 ns : File "C:/Users/Piotr/workspace/vlsi/vlsi_mcu/VLSI_MCU/instruction_decoder.vhd" Line 64
# step
Stopped at time : 5 ns : File "C:/Users/Piotr/workspace/vlsi/vlsi_mcu/VLSI_MCU/instruction_decoder.vhd" Line 64
# step
Stopped at time : 10 ns : File "C:/Users/Piotr/workspace/vlsi/vlsi_mcu/VLSI_MCU/idec_test.vhd" Line 112
# step
Stopped at time : 10 ns : File "C:/Users/Piotr/workspace/vlsi/vlsi_mcu/VLSI_MCU/idec_test.vhd" Line 113
# step
Stopped at time : 10 ns : File "C:/Users/Piotr/workspace/vlsi/vlsi_mcu/VLSI_MCU/instruction_decoder.vhd" Line 64
# step
Stopped at time : 10 ns : File "C:/Users/Piotr/workspace/vlsi/vlsi_mcu/VLSI_MCU/instruction_decoder.vhd" Line 64
# step
Stopped at time : 11999 ps : File "C:/Users/Piotr/workspace/vlsi/vlsi_mcu/VLSI_MCU/idec_test.vhd" Line 124
# step
Stopped at time : 11999 ps : File "C:/Users/Piotr/workspace/vlsi/vlsi_mcu/VLSI_MCU/idec_test.vhd" Line 125
# step
Stopped at time : 11999 ps : File "C:/Users/Piotr/workspace/vlsi/vlsi_mcu/VLSI_MCU/idec_test.vhd" Line 126
# step
Stopped at time : 11999 ps : File "C:/Users/Piotr/workspace/vlsi/vlsi_mcu/VLSI_MCU/instruction_decoder.vhd" Line 64
# step
Stopped at time : 15 ns : File "C:/Users/Piotr/workspace/vlsi/vlsi_mcu/VLSI_MCU/idec_test.vhd" Line 114
# step
Stopped at time : 15 ns : File "C:/Users/Piotr/workspace/vlsi/vlsi_mcu/VLSI_MCU/idec_test.vhd" Line 115
# step
Stopped at time : 15 ns : File "C:/Users/Piotr/workspace/vlsi/vlsi_mcu/VLSI_MCU/instruction_decoder.vhd" Line 64
# step
Stopped at time : 15 ns : File "C:/Users/Piotr/workspace/vlsi/vlsi_mcu/VLSI_MCU/instruction_decoder.vhd" Line 66
# step
Stopped at time : 15 ns : File "C:/Users/Piotr/workspace/vlsi/vlsi_mcu/VLSI_MCU/instruction_decoder.vhd" Line 67
# step
Stopped at time : 15 ns : File "C:/Users/Piotr/workspace/vlsi/vlsi_mcu/VLSI_MCU/instruction_decoder.vhd" Line 72
# step
Stopped at time : 15 ns : File "C:/Users/Piotr/workspace/vlsi/vlsi_mcu/VLSI_MCU/instruction_decoder.vhd" Line 82
# step
Stopped at time : 15 ns : File "C:/Users/Piotr/workspace/vlsi/vlsi_mcu/VLSI_MCU/instruction_decoder.vhd" Line 83
# step
Stopped at time : 15 ns : File "C:/Users/Piotr/workspace/vlsi/vlsi_mcu/VLSI_MCU/instruction_decoder.vhd" Line 83
# step
Stopped at time : 15 ns : File "C:/Users/Piotr/workspace/vlsi/vlsi_mcu/VLSI_MCU/instruction_decoder.vhd" Line 83
# step
Stopped at time : 20 ns : File "C:/Users/Piotr/workspace/vlsi/vlsi_mcu/VLSI_MCU/idec_test.vhd" Line 112
# step
Stopped at time : 20 ns : File "C:/Users/Piotr/workspace/vlsi/vlsi_mcu/VLSI_MCU/idec_test.vhd" Line 113
# step
Stopped at time : 20 ns : File "C:/Users/Piotr/workspace/vlsi/vlsi_mcu/VLSI_MCU/instruction_decoder.vhd" Line 64
# step
Stopped at time : 25 ns : File "C:/Users/Piotr/workspace/vlsi/vlsi_mcu/VLSI_MCU/idec_test.vhd" Line 114
# step
Stopped at time : 25 ns : File "C:/Users/Piotr/workspace/vlsi/vlsi_mcu/VLSI_MCU/idec_test.vhd" Line 115
# step
Stopped at time : 25 ns : File "C:/Users/Piotr/workspace/vlsi/vlsi_mcu/VLSI_MCU/instruction_decoder.vhd" Line 64
# step
Stopped at time : 25 ns : File "C:/Users/Piotr/workspace/vlsi/vlsi_mcu/VLSI_MCU/instruction_decoder.vhd" Line 66
# step
Stopped at time : 25 ns : File "C:/Users/Piotr/workspace/vlsi/vlsi_mcu/VLSI_MCU/instruction_decoder.vhd" Line 77
# step
Stopped at time : 25 ns : File "C:/Users/Piotr/workspace/vlsi/vlsi_mcu/VLSI_MCU/instruction_decoder.vhd" Line 82
# step
Stopped at time : 25 ns : File "C:/Users/Piotr/workspace/vlsi/vlsi_mcu/VLSI_MCU/instruction_decoder.vhd" Line 86
# step
Stopped at time : 25 ns : File "C:/Users/Piotr/workspace/vlsi/vlsi_mcu/VLSI_MCU/instruction_decoder.vhd" Line 87
# step
Stopped at time : 30 ns : File "C:/Users/Piotr/workspace/vlsi/vlsi_mcu/VLSI_MCU/idec_test.vhd" Line 112
# step
Stopped at time : 30 ns : File "C:/Users/Piotr/workspace/vlsi/vlsi_mcu/VLSI_MCU/idec_test.vhd" Line 113
# step
Stopped at time : 30 ns : File "C:/Users/Piotr/workspace/vlsi/vlsi_mcu/VLSI_MCU/instruction_decoder.vhd" Line 64
# step
Stopped at time : 35 ns : File "C:/Users/Piotr/workspace/vlsi/vlsi_mcu/VLSI_MCU/idec_test.vhd" Line 114
# step
Stopped at time : 35 ns : File "C:/Users/Piotr/workspace/vlsi/vlsi_mcu/VLSI_MCU/idec_test.vhd" Line 115
# step
Stopped at time : 35 ns : File "C:/Users/Piotr/workspace/vlsi/vlsi_mcu/VLSI_MCU/instruction_decoder.vhd" Line 64
# step
Stopped at time : 35 ns : File "C:/Users/Piotr/workspace/vlsi/vlsi_mcu/VLSI_MCU/instruction_decoder.vhd" Line 66
# step
Stopped at time : 35 ns : File "C:/Users/Piotr/workspace/vlsi/vlsi_mcu/VLSI_MCU/instruction_decoder.vhd" Line 78
# step
Stopped at time : 35 ns : File "C:/Users/Piotr/workspace/vlsi/vlsi_mcu/VLSI_MCU/instruction_decoder.vhd" Line 82
# restart
# run 1.00us
Simulator is doing circuit initialization process.
Stopped at time : 0 fs : File "C:/Users/Piotr/workspace/vlsi/vlsi_mcu/VLSI_MCU/instruction_decoder.vhd" Line 64
# step
Stopped at time : 0 fs : File "C:/Users/Piotr/workspace/vlsi/vlsi_mcu/VLSI_MCU/instruction_decoder.vhd" Line 64
# step
Finished circuit initialization process.
Stopped at time : 5 ns : File "C:/Users/Piotr/workspace/vlsi/vlsi_mcu/VLSI_MCU/idec_test.vhd" Line 114
# step
Stopped at time : 5 ns : File "C:/Users/Piotr/workspace/vlsi/vlsi_mcu/VLSI_MCU/idec_test.vhd" Line 115
# step
Stopped at time : 5 ns : File "C:/Users/Piotr/workspace/vlsi/vlsi_mcu/VLSI_MCU/instruction_decoder.vhd" Line 64
# step
Stopped at time : 5 ns : File "C:/Users/Piotr/workspace/vlsi/vlsi_mcu/VLSI_MCU/instruction_decoder.vhd" Line 64
# step
Stopped at time : 10 ns : File "C:/Users/Piotr/workspace/vlsi/vlsi_mcu/VLSI_MCU/idec_test.vhd" Line 112
# step
Stopped at time : 10 ns : File "C:/Users/Piotr/workspace/vlsi/vlsi_mcu/VLSI_MCU/idec_test.vhd" Line 113
# step
Stopped at time : 10 ns : File "C:/Users/Piotr/workspace/vlsi/vlsi_mcu/VLSI_MCU/instruction_decoder.vhd" Line 64
# step
Stopped at time : 10 ns : File "C:/Users/Piotr/workspace/vlsi/vlsi_mcu/VLSI_MCU/instruction_decoder.vhd" Line 64
# step
Stopped at time : 11999 ps : File "C:/Users/Piotr/workspace/vlsi/vlsi_mcu/VLSI_MCU/idec_test.vhd" Line 124
# step
Stopped at time : 11999 ps : File "C:/Users/Piotr/workspace/vlsi/vlsi_mcu/VLSI_MCU/idec_test.vhd" Line 125
# step
Stopped at time : 11999 ps : File "C:/Users/Piotr/workspace/vlsi/vlsi_mcu/VLSI_MCU/idec_test.vhd" Line 126
# step
Stopped at time : 11999 ps : File "C:/Users/Piotr/workspace/vlsi/vlsi_mcu/VLSI_MCU/instruction_decoder.vhd" Line 64
# step
Stopped at time : 15 ns : File "C:/Users/Piotr/workspace/vlsi/vlsi_mcu/VLSI_MCU/idec_test.vhd" Line 114
# step
Stopped at time : 15 ns : File "C:/Users/Piotr/workspace/vlsi/vlsi_mcu/VLSI_MCU/idec_test.vhd" Line 115
# step
Stopped at time : 15 ns : File "C:/Users/Piotr/workspace/vlsi/vlsi_mcu/VLSI_MCU/instruction_decoder.vhd" Line 64
# step
Stopped at time : 15 ns : File "C:/Users/Piotr/workspace/vlsi/vlsi_mcu/VLSI_MCU/instruction_decoder.vhd" Line 66
# step
Stopped at time : 15 ns : File "C:/Users/Piotr/workspace/vlsi/vlsi_mcu/VLSI_MCU/instruction_decoder.vhd" Line 67
# step
Stopped at time : 15 ns : File "C:/Users/Piotr/workspace/vlsi/vlsi_mcu/VLSI_MCU/instruction_decoder.vhd" Line 72
# step
Stopped at time : 15 ns : File "C:/Users/Piotr/workspace/vlsi/vlsi_mcu/VLSI_MCU/instruction_decoder.vhd" Line 82
# step
Stopped at time : 15 ns : File "C:/Users/Piotr/workspace/vlsi/vlsi_mcu/VLSI_MCU/instruction_decoder.vhd" Line 83
# step
Stopped at time : 15 ns : File "C:/Users/Piotr/workspace/vlsi/vlsi_mcu/VLSI_MCU/instruction_decoder.vhd" Line 83
# step
Stopped at time : 15 ns : File "C:/Users/Piotr/workspace/vlsi/vlsi_mcu/VLSI_MCU/instruction_decoder.vhd" Line 83
# step
Stopped at time : 20 ns : File "C:/Users/Piotr/workspace/vlsi/vlsi_mcu/VLSI_MCU/idec_test.vhd" Line 112
# step
Stopped at time : 20 ns : File "C:/Users/Piotr/workspace/vlsi/vlsi_mcu/VLSI_MCU/idec_test.vhd" Line 113
# step
Stopped at time : 20 ns : File "C:/Users/Piotr/workspace/vlsi/vlsi_mcu/VLSI_MCU/instruction_decoder.vhd" Line 64
# step
Stopped at time : 25 ns : File "C:/Users/Piotr/workspace/vlsi/vlsi_mcu/VLSI_MCU/idec_test.vhd" Line 114
# step
Stopped at time : 25 ns : File "C:/Users/Piotr/workspace/vlsi/vlsi_mcu/VLSI_MCU/idec_test.vhd" Line 115
# step
Stopped at time : 25 ns : File "C:/Users/Piotr/workspace/vlsi/vlsi_mcu/VLSI_MCU/instruction_decoder.vhd" Line 64
# step
Stopped at time : 25 ns : File "C:/Users/Piotr/workspace/vlsi/vlsi_mcu/VLSI_MCU/instruction_decoder.vhd" Line 66
# step
Stopped at time : 25 ns : File "C:/Users/Piotr/workspace/vlsi/vlsi_mcu/VLSI_MCU/instruction_decoder.vhd" Line 77
# step
Stopped at time : 25 ns : File "C:/Users/Piotr/workspace/vlsi/vlsi_mcu/VLSI_MCU/instruction_decoder.vhd" Line 82
# step
Stopped at time : 25 ns : File "C:/Users/Piotr/workspace/vlsi/vlsi_mcu/VLSI_MCU/instruction_decoder.vhd" Line 86
# step
Stopped at time : 25 ns : File "C:/Users/Piotr/workspace/vlsi/vlsi_mcu/VLSI_MCU/instruction_decoder.vhd" Line 87
# step
Stopped at time : 30 ns : File "C:/Users/Piotr/workspace/vlsi/vlsi_mcu/VLSI_MCU/idec_test.vhd" Line 112
# restart
# run 1.00us
Simulator is doing circuit initialization process.
Finished circuit initialization process.

** Failure:Assertion violation
User(VHDL) Code Called Simulation Stop
In process idec_test.vhd:stim_proc 
 
INFO: Simulator is stopped.
ISim P.20131013 (signature 0x8ef4fb42)
WARNING: A WEBPACK license was found.
WARNING: Please use Xilinx License Configuration Manager to check out a full ISim license.
WARNING: ISim will run in Lite mode. Please refer to the ISim documentation for more information on the differences between the Lite and the Full version.
This is a Lite version of ISim.
# run 1000 ns
Simulator is doing circuit initialization process.
Finished circuit initialization process.

** Failure:Assertion violation
User(VHDL) Code Called Simulation Stop
In process idec_test.vhd:stim_proc 
 
INFO: Simulator is stopped.
ISim P.20131013 (signature 0x8ef4fb42)
WARNING: A WEBPACK license was found.
WARNING: Please use Xilinx License Configuration Manager to check out a full ISim license.
WARNING: ISim will run in Lite mode. Please refer to the ISim documentation for more information on the differences between the Lite and the Full version.
This is a Lite version of ISim.
# run 1000 ns
Simulator is doing circuit initialization process.
Finished circuit initialization process.

** Failure:Assertion violation
User(VHDL) Code Called Simulation Stop
In process idec_test.vhd:stim_proc 
 
INFO: Simulator is stopped.
ISim P.20131013 (signature 0x8ef4fb42)
WARNING: A WEBPACK license was found.
WARNING: Please use Xilinx License Configuration Manager to check out a full ISim license.
WARNING: ISim will run in Lite mode. Please refer to the ISim documentation for more information on the differences between the Lite and the Full version.
This is a Lite version of ISim.
# run 1000 ns
Simulator is doing circuit initialization process.
Finished circuit initialization process.

** Failure:Assertion violation
User(VHDL) Code Called Simulation Stop
In process idec_test.vhd:stim_proc 
 
INFO: Simulator is stopped.
