Command line:
   MCU_tb_isim_beh.exe
     -simmode  gui
     -simrunnum  0
     -socket  52807

Sat Jan 16 19:11:01 2016


 Elaboration Time: 0.452402 sec

 Current Memory Usage: 674.415 Meg

 Total Signals          : 141
 Total Nets             : 2688
 Total Signal Drivers   : 60
 Total Blocks           : 20
 Total Primitive Blocks : 17
 Total Processes        : 51
 Total Traceable Variables  : 22
 Total Scalar Nets and Variables : 3714
Total Line Count : 122

** Failure:Assertion violation
User(VHDL) Code Called Simulation Stop
In process MCU_tb.vhd:stim_proc 
 

