Command line:
   instruction_decoder_isim_beh.exe
     -simmode  gui
     -simrunnum  0
     -socket  51745

Sat Jan 02 17:14:26 2016


 Elaboration Time: 0.390002 sec

 Current Memory Usage: 679.166 Meg

 Total Signals          : 26
 Total Nets             : 126
 Total Signal Drivers   : 23
 Total Blocks           : 2
 Total Primitive Blocks : 2
 Total Processes        : 11
 Total Traceable Variables  : 8
 Total Scalar Nets and Variables : 486
Total Line Count : 19

 Total Simulation Time: 0.421202 sec

 Current Memory Usage: 679.166 Meg

Sat Jan 02 17:14:31 2016

