Command line:
   gp_registerss_isim_beh.exe
     -simmode  gui
     -simrunnum  0
     -socket  52369

Tue Dec 29 14:02:57 2015


 Elaboration Time: 0.280802 sec

 Current Memory Usage: 674.013 Meg

 Total Signals          : 11
 Total Nets             : 310
 Total Signal Drivers   : 5
 Total Blocks           : 3
 Total Primitive Blocks : 3
 Total Processes        : 2
 Total Traceable Variables  : 13
 Total Scalar Nets and Variables : 793
Total Line Count : 8

 Total Simulation Time: 0.312002 sec

 Current Memory Usage: 674.013 Meg

Tue Dec 29 14:03:01 2015

