Command line:
   alu_tb_isim_beh.exe
     -simmode  gui
     -simrunnum  0
     -socket  51094

Mon Dec 28 17:42:11 2015


 Elaboration Time: 0.390003 sec

 Current Memory Usage: 673.636 Meg

 Total Signals          : 18
 Total Nets             : 44
 Total Signal Drivers   : 6
 Total Blocks           : 5
 Total Primitive Blocks : 4
 Total Processes        : 3
 Total Traceable Variables  : 10
 Total Scalar Nets and Variables : 422
Total Line Count : 11

** Failure:Assertion violation
User(VHDL) Code Called Simulation Stop
In process alu_tb.vhd:stim_proc 
 


 Total Simulation Time: 0.483604 sec

 Current Memory Usage: 673.636 Meg

Mon Dec 28 17:42:19 2015

