Command line:
   Program_counter_isim_beh.exe
     -simmode  gui
     -simrunnum  0
     -socket  51060

Tue Jan 12 00:46:24 2016


 Elaboration Time: 0.421203 sec

 Current Memory Usage: 675.725 Meg

 Total Signals          : 7
 Total Nets             : 52
 Total Signal Drivers   : 2
 Total Blocks           : 4
 Total Primitive Blocks : 4
 Total Processes        : 2
 Total Traceable Variables  : 10
 Total Scalar Nets and Variables : 430
Total Line Count : 3

 Total Simulation Time: 0.421203 sec

 Current Memory Usage: 675.725 Meg

Tue Jan 12 00:46:35 2016

