Command line:
   branch_decoder_isim_beh.exe
     -simmode  gui
     -simrunnum  0
     -socket  52546

Sat Jan 16 18:15:46 2016


 Elaboration Time: 0.296403 sec

 Current Memory Usage: 675.041 Meg

 Total Signals          : 6
 Total Nets             : 48
 Total Signal Drivers   : 3
 Total Blocks           : 4
 Total Primitive Blocks : 4
 Total Processes        : 3
 Total Traceable Variables  : 10
 Total Scalar Nets and Variables : 426
Total Line Count : 7

 Total Simulation Time: 0.296403 sec

 Current Memory Usage: 675.041 Meg

Sat Jan 16 18:15:52 2016

